2024-11-19 15:45:35,657 [Worker-2: Loading available Gradle versions] INFO  o.e.b.c.i.u.g.PublishedGradleVersions - Gradle version information cache is up-to-date. Trying to read.
2024-11-19 15:56:16,993 [Worker-14: Update Maven projects configuration] INFO  o.e.m.c.i.p.ProjectConfigurationManager - Update started
2024-11-19 15:56:18,651 [Worker-14: Update Maven projects configuration] INFO  o.e.m.c.i.l.LifecycleMappingFactory - Using org.maven.ide.eclipse.wtp.WarLifecycleMapping lifecycle mapping for MavenProject: misoShopping:springBootMVCShopping:0.0.1-SNAPSHOT @ C:\Users\Administrator\git\real_time_data_process_20240708_1\springBootMVCShopping\pom.xml.
2024-11-19 15:56:20,010 [Worker-14: Update Maven projects configuration] INFO  o.e.m.c.i.e.AbstractTransferListenerAdapter - Downloading https://repo.maven.apache.org/maven2/org/springframework/boot/spring-boot-devtools/3.2.10/spring-boot-devtools-3.2.10.pom
2024-11-19 15:56:20,045 [Worker-14: Update Maven projects configuration] INFO  o.e.m.c.i.e.AbstractTransferListenerAdapter - Downloaded https://repo.maven.apache.org/maven2/org/springframework/boot/spring-boot-devtools/3.2.10/spring-boot-devtools-3.2.10.pom
2024-11-19 15:56:20,153 [Worker-14: Update Maven projects configuration] INFO  o.e.m.c.i.e.AbstractTransferListenerAdapter - Downloading https://repo.maven.apache.org/maven2/org/springframework/boot/spring-boot-starter-security/3.2.10/spring-boot-starter-security-3.2.10.pom
2024-11-19 15:56:20,167 [Worker-14: Update Maven projects configuration] INFO  o.e.m.c.i.e.AbstractTransferListenerAdapter - Downloaded https://repo.maven.apache.org/maven2/org/springframework/boot/spring-boot-starter-security/3.2.10/spring-boot-starter-security-3.2.10.pom
2024-11-19 15:56:20,188 [Worker-14: Update Maven projects configuration] INFO  o.e.m.c.i.e.AbstractTransferListenerAdapter - Downloading https://repo.maven.apache.org/maven2/org/springframework/security/spring-security-config/6.2.6/spring-security-config-6.2.6.pom
2024-11-19 15:56:20,198 [Worker-14: Update Maven projects configuration] INFO  o.e.m.c.i.e.AbstractTransferListenerAdapter - Downloaded https://repo.maven.apache.org/maven2/org/springframework/security/spring-security-config/6.2.6/spring-security-config-6.2.6.pom
2024-11-19 15:56:20,226 [Worker-14: Update Maven projects configuration] INFO  o.e.m.c.i.e.AbstractTransferListenerAdapter - Downloading https://repo.maven.apache.org/maven2/org/springframework/security/spring-security-core/6.2.6/spring-security-core-6.2.6.pom
2024-11-19 15:56:20,237 [Worker-14: Update Maven projects configuration] INFO  o.e.m.c.i.e.AbstractTransferListenerAdapter - Downloaded https://repo.maven.apache.org/maven2/org/springframework/security/spring-security-core/6.2.6/spring-security-core-6.2.6.pom
2024-11-19 15:56:20,255 [Worker-14: Update Maven projects configuration] INFO  o.e.m.c.i.e.AbstractTransferListenerAdapter - Downloading https://repo.maven.apache.org/maven2/org/springframework/security/spring-security-crypto/6.2.6/spring-security-crypto-6.2.6.pom
2024-11-19 15:56:20,262 [Worker-14: Update Maven projects configuration] INFO  o.e.m.c.i.e.AbstractTransferListenerAdapter - Downloaded https://repo.maven.apache.org/maven2/org/springframework/security/spring-security-crypto/6.2.6/spring-security-crypto-6.2.6.pom
2024-11-19 15:56:20,281 [Worker-14: Update Maven projects configuration] INFO  o.e.m.c.i.e.AbstractTransferListenerAdapter - Downloading https://repo.maven.apache.org/maven2/org/springframework/security/spring-security-web/6.2.6/spring-security-web-6.2.6.pom
2024-11-19 15:56:20,292 [Worker-14: Update Maven projects configuration] INFO  o.e.m.c.i.e.AbstractTransferListenerAdapter - Downloaded https://repo.maven.apache.org/maven2/org/springframework/security/spring-security-web/6.2.6/spring-security-web-6.2.6.pom
2024-11-19 15:56:20,319 [Worker-14: Update Maven projects configuration] INFO  o.e.m.c.i.e.AbstractTransferListenerAdapter - Downloading https://repo.maven.apache.org/maven2/org/springframework/boot/spring-boot-starter-validation/3.2.10/spring-boot-starter-validation-3.2.10.pom
2024-11-19 15:56:20,337 [Worker-14: Update Maven projects configuration] INFO  o.e.m.c.i.e.AbstractTransferListenerAdapter - Downloaded https://repo.maven.apache.org/maven2/org/springframework/boot/spring-boot-starter-validation/3.2.10/spring-boot-starter-validation-3.2.10.pom
2024-11-19 15:56:20,441 [Worker-14: Update Maven projects configuration] INFO  o.e.m.c.i.e.AbstractTransferListenerAdapter - Downloading https://repo.maven.apache.org/maven2/com/fasterxml/classmate/1.6.0/classmate-1.6.0.pom
2024-11-19 15:56:20,463 [Worker-14: Update Maven projects configuration] INFO  o.e.m.c.i.e.AbstractTransferListenerAdapter - Downloaded https://repo.maven.apache.org/maven2/com/fasterxml/classmate/1.6.0/classmate-1.6.0.pom
2024-11-19 15:56:20,496 [Worker-14: Update Maven projects configuration] INFO  o.e.m.c.i.e.AbstractTransferListenerAdapter - Downloading https://repo.maven.apache.org/maven2/com/fasterxml/oss-parent/55/oss-parent-55.pom
2024-11-19 15:56:20,519 [Worker-14: Update Maven projects configuration] INFO  o.e.m.c.i.e.AbstractTransferListenerAdapter - Downloaded https://repo.maven.apache.org/maven2/com/fasterxml/oss-parent/55/oss-parent-55.pom
2024-11-19 15:56:20,543 [Worker-14: Update Maven projects configuration] WARN  o.e.m.c.i.embedder.EclipseLogger - The artifact mysql:mysql-connector-java:jar:8.0.33 has been relocated to com.mysql:mysql-connector-j:jar:8.0.33: MySQL Connector/J artifacts moved to reverse-DNS compliant Maven 2+ coordinates.
2024-11-19 15:56:20,708 [Worker-14: Update Maven projects configuration] INFO  o.e.m.c.i.e.AbstractTransferListenerAdapter - Downloading https://repo.maven.apache.org/maven2/org/springframework/boot/spring-boot-starter-security/3.2.10/spring-boot-starter-security-3.2.10.jar
2024-11-19 15:56:20,715 [Worker-14: Update Maven projects configuration] INFO  o.e.m.c.i.e.AbstractTransferListenerAdapter - Downloaded https://repo.maven.apache.org/maven2/org/springframework/boot/spring-boot-starter-security/3.2.10/spring-boot-starter-security-3.2.10.jar
2024-11-19 15:56:20,761 [BasicRepositoryConnector-repo.maven.apache.org-0-2] INFO  o.e.m.c.i.e.AbstractTransferListenerAdapter - Downloading https://repo.maven.apache.org/maven2/org/springframework/security/spring-security-crypto/6.2.6/spring-security-crypto-6.2.6.jar
2024-11-19 15:56:20,761 [BasicRepositoryConnector-repo.maven.apache.org-0-1] INFO  o.e.m.c.i.e.AbstractTransferListenerAdapter - Downloading https://repo.maven.apache.org/maven2/org/springframework/security/spring-security-core/6.2.6/spring-security-core-6.2.6.jar
2024-11-19 15:56:20,761 [BasicRepositoryConnector-repo.maven.apache.org-0-0] INFO  o.e.m.c.i.e.AbstractTransferListenerAdapter - Downloading https://repo.maven.apache.org/maven2/org/springframework/security/spring-security-config/6.2.6/spring-security-config-6.2.6.jar
2024-11-19 15:56:20,762 [BasicRepositoryConnector-repo.maven.apache.org-0-4] INFO  o.e.m.c.i.e.AbstractTransferListenerAdapter - Downloading https://repo.maven.apache.org/maven2/org/springframework/boot/spring-boot-starter-validation/3.2.10/spring-boot-starter-validation-3.2.10.jar
2024-11-19 15:56:20,770 [BasicRepositoryConnector-repo.maven.apache.org-0-3] INFO  o.e.m.c.i.e.AbstractTransferListenerAdapter - Downloading https://repo.maven.apache.org/maven2/org/springframework/security/spring-security-web/6.2.6/spring-security-web-6.2.6.jar
2024-11-19 15:56:20,778 [BasicRepositoryConnector-repo.maven.apache.org-0-4] INFO  o.e.m.c.i.e.AbstractTransferListenerAdapter - Downloaded https://repo.maven.apache.org/maven2/org/springframework/boot/spring-boot-starter-validation/3.2.10/spring-boot-starter-validation-3.2.10.jar
2024-11-19 15:56:20,807 [BasicRepositoryConnector-repo.maven.apache.org-0-2] INFO  o.e.m.c.i.e.AbstractTransferListenerAdapter - Downloaded https://repo.maven.apache.org/maven2/org/springframework/security/spring-security-crypto/6.2.6/spring-security-crypto-6.2.6.jar
2024-11-19 15:56:20,811 [BasicRepositoryConnector-repo.maven.apache.org-0-4] INFO  o.e.m.c.i.e.AbstractTransferListenerAdapter - Downloading https://repo.maven.apache.org/maven2/com/fasterxml/classmate/1.6.0/classmate-1.6.0.jar
2024-11-19 15:56:21,001 [BasicRepositoryConnector-repo.maven.apache.org-0-1] INFO  o.e.m.c.i.e.AbstractTransferListenerAdapter - Downloaded https://repo.maven.apache.org/maven2/org/springframework/security/spring-security-core/6.2.6/spring-security-core-6.2.6.jar
2024-11-19 15:56:21,054 [BasicRepositoryConnector-repo.maven.apache.org-0-4] INFO  o.e.m.c.i.e.AbstractTransferListenerAdapter - Downloaded https://repo.maven.apache.org/maven2/com/fasterxml/classmate/1.6.0/classmate-1.6.0.jar
2024-11-19 15:56:21,172 [BasicRepositoryConnector-repo.maven.apache.org-0-3] INFO  o.e.m.c.i.e.AbstractTransferListenerAdapter - Downloaded https://repo.maven.apache.org/maven2/org/springframework/security/spring-security-web/6.2.6/spring-security-web-6.2.6.jar
2024-11-19 15:56:21,255 [BasicRepositoryConnector-repo.maven.apache.org-0-0] INFO  o.e.m.c.i.e.AbstractTransferListenerAdapter - Downloaded https://repo.maven.apache.org/maven2/org/springframework/security/spring-security-config/6.2.6/spring-security-config-6.2.6.jar
2024-11-19 15:56:23,340 [Worker-21: Download sources and javadoc] INFO  o.e.m.c.i.e.AbstractTransferListenerAdapter - Downloading https://repo.maven.apache.org/maven2/org/springframework/boot/spring-boot-starter-security/3.2.10/spring-boot-starter-security-3.2.10-sources.jar
2024-11-19 15:56:23,721 [Worker-14: Update Maven projects configuration] INFO  o.e.m.j.i.AbstractJavaProjectConfigurator - Adding source folder /springBootMVCShopping/src/main/java
2024-11-19 15:56:23,723 [Worker-14: Update Maven projects configuration] INFO  o.e.m.j.i.AbstractJavaProjectConfigurator - Adding resource folder /springBootMVCShopping/src/main/resources
2024-11-19 15:56:23,919 [Worker-21: Download sources and javadoc] INFO  o.e.m.c.i.e.AbstractTransferListenerAdapter - Downloaded https://repo.maven.apache.org/maven2/org/springframework/boot/spring-boot-starter-security/3.2.10/spring-boot-starter-security-3.2.10-sources.jar
2024-11-19 15:56:23,937 [Worker-14: Update Maven projects configuration] INFO  o.e.m.j.i.AbstractJavaProjectConfigurator - Adding resource folder /springBootMVCShopping/src/main/resources
2024-11-19 15:56:23,967 [Worker-21: Download sources and javadoc] INFO  o.e.m.j.internal.DownloadSourcesJob - Downloaded sources for org.springframework.boot:spring-boot-starter-security:3.2.10
2024-11-19 15:56:23,992 [Worker-14: Update Maven projects configuration] INFO  o.e.m.j.i.AbstractJavaProjectConfigurator - Adding source folder /springBootMVCShopping/src/test/java
2024-11-19 15:56:23,993 [Worker-14: Update Maven projects configuration] INFO  o.e.m.j.i.AbstractJavaProjectConfigurator - Adding resource folder /springBootMVCShopping/src/test/resources
2024-11-19 15:56:24,316 [Worker-21: Download sources and javadoc] INFO  o.e.m.c.i.e.AbstractTransferListenerAdapter - Downloading https://repo.maven.apache.org/maven2/org/springframework/security/spring-security-config/6.2.6/spring-security-config-6.2.6-sources.jar
2024-11-19 15:56:24,510 [Worker-21: Download sources and javadoc] INFO  o.e.m.c.i.e.AbstractTransferListenerAdapter - Downloaded https://repo.maven.apache.org/maven2/org/springframework/security/spring-security-config/6.2.6/spring-security-config-6.2.6-sources.jar
2024-11-19 15:56:24,515 [Worker-21: Download sources and javadoc] INFO  o.e.m.j.internal.DownloadSourcesJob - Downloaded sources for org.springframework.security:spring-security-config:6.2.6
2024-11-19 15:56:24,540 [Worker-21: Download sources and javadoc] INFO  o.e.m.c.i.e.AbstractTransferListenerAdapter - Downloading https://repo.maven.apache.org/maven2/org/springframework/security/spring-security-core/6.2.6/spring-security-core-6.2.6-sources.jar
2024-11-19 15:56:24,608 [Worker-21: Download sources and javadoc] INFO  o.e.m.c.i.e.AbstractTransferListenerAdapter - Downloaded https://repo.maven.apache.org/maven2/org/springframework/security/spring-security-core/6.2.6/spring-security-core-6.2.6-sources.jar
2024-11-19 15:56:24,612 [Worker-21: Download sources and javadoc] INFO  o.e.m.j.internal.DownloadSourcesJob - Downloaded sources for org.springframework.security:spring-security-core:6.2.6
2024-11-19 15:56:24,645 [Worker-21: Download sources and javadoc] INFO  o.e.m.c.i.e.AbstractTransferListenerAdapter - Downloading https://repo.maven.apache.org/maven2/org/springframework/security/spring-security-crypto/6.2.6/spring-security-crypto-6.2.6-sources.jar
2024-11-19 15:56:24,661 [Worker-21: Download sources and javadoc] INFO  o.e.m.c.i.e.AbstractTransferListenerAdapter - Downloaded https://repo.maven.apache.org/maven2/org/springframework/security/spring-security-crypto/6.2.6/spring-security-crypto-6.2.6-sources.jar
2024-11-19 15:56:24,665 [Worker-21: Download sources and javadoc] INFO  o.e.m.j.internal.DownloadSourcesJob - Downloaded sources for org.springframework.security:spring-security-crypto:6.2.6
2024-11-19 15:56:24,701 [Worker-21: Download sources and javadoc] INFO  o.e.m.c.i.e.AbstractTransferListenerAdapter - Downloading https://repo.maven.apache.org/maven2/org/springframework/security/spring-security-web/6.2.6/spring-security-web-6.2.6-sources.jar
2024-11-19 15:56:24,764 [Worker-21: Download sources and javadoc] INFO  o.e.m.c.i.e.AbstractTransferListenerAdapter - Downloaded https://repo.maven.apache.org/maven2/org/springframework/security/spring-security-web/6.2.6/spring-security-web-6.2.6-sources.jar
2024-11-19 15:56:24,769 [Worker-21: Download sources and javadoc] INFO  o.e.m.j.internal.DownloadSourcesJob - Downloaded sources for org.springframework.security:spring-security-web:6.2.6
2024-11-19 15:56:24,800 [Worker-21: Download sources and javadoc] INFO  o.e.m.c.i.e.AbstractTransferListenerAdapter - Downloading https://repo.maven.apache.org/maven2/org/springframework/boot/spring-boot-starter-validation/3.2.10/spring-boot-starter-validation-3.2.10-sources.jar
2024-11-19 15:56:24,819 [Worker-21: Download sources and javadoc] INFO  o.e.m.c.i.e.AbstractTransferListenerAdapter - Downloaded https://repo.maven.apache.org/maven2/org/springframework/boot/spring-boot-starter-validation/3.2.10/spring-boot-starter-validation-3.2.10-sources.jar
2024-11-19 15:56:24,824 [Worker-21: Download sources and javadoc] INFO  o.e.m.j.internal.DownloadSourcesJob - Downloaded sources for org.springframework.boot:spring-boot-starter-validation:3.2.10
2024-11-19 15:56:24,848 [Worker-21: Download sources and javadoc] INFO  o.e.m.c.i.e.AbstractTransferListenerAdapter - Downloading https://repo.maven.apache.org/maven2/com/fasterxml/classmate/1.6.0/classmate-1.6.0-sources.jar
2024-11-19 15:56:24,861 [Worker-21: Download sources and javadoc] INFO  o.e.m.c.i.e.AbstractTransferListenerAdapter - Downloaded https://repo.maven.apache.org/maven2/com/fasterxml/classmate/1.6.0/classmate-1.6.0-sources.jar
2024-11-19 15:56:24,866 [Worker-21: Download sources and javadoc] INFO  o.e.m.j.internal.DownloadSourcesJob - Downloaded sources for com.fasterxml:classmate:1.6.0
2024-11-19 15:56:26,438 [Worker-28: Building] INFO  o.a.m.s.f.DefaultMavenResourcesFiltering - Copying 1 resource from src\main\resources to target\classes
2024-11-19 15:56:26,470 [Worker-28: Building] INFO  o.a.m.s.f.DefaultMavenResourcesFiltering - Copying 65 resources from src\main\resources to target\classes
2024-11-19 15:56:26,560 [Worker-28: Building] INFO  o.a.m.s.f.DefaultMavenResourcesFiltering - skip non existing resourceDirectory C:\Users\Administrator\git\real_time_data_process_20240708_1\springBootMVCShopping\src\test\resources
2024-11-19 15:56:28,365 [Worker-27: Building] INFO  o.a.m.s.f.DefaultMavenResourcesFiltering - Copying 0 resource from src\main\resources to target\classes
2024-11-19 15:56:28,380 [Worker-27: Building] INFO  o.a.m.s.f.DefaultMavenResourcesFiltering - Copying 0 resource from src\main\resources to target\classes
2024-11-19 15:56:28,385 [Worker-27: Building] INFO  o.a.m.s.f.DefaultMavenResourcesFiltering - skip non existing resourceDirectory C:\Users\Administrator\git\real_time_data_process_20240708_1\springBootMVCShopping\src\test\resources
2024-11-19 15:56:29,149 [Worker-27: Building] INFO  o.a.m.s.f.DefaultMavenResourcesFiltering - Copying 0 resource from src\main\resources to target\classes
2024-11-19 15:56:29,152 [Worker-14: Update Maven projects configuration] WARN  o.e.m.c.i.embedder.EclipseLogger - The artifact mysql:mysql-connector-java:jar:8.0.33 has been relocated to com.mysql:mysql-connector-j:jar:8.0.33: MySQL Connector/J artifacts moved to reverse-DNS compliant Maven 2+ coordinates.
2024-11-19 15:56:29,165 [Worker-27: Building] INFO  o.a.m.s.f.DefaultMavenResourcesFiltering - Copying 0 resource from src\main\resources to target\classes
2024-11-19 15:56:29,176 [Worker-27: Building] INFO  o.a.m.s.f.DefaultMavenResourcesFiltering - skip non existing resourceDirectory C:\Users\Administrator\git\real_time_data_process_20240708_1\springBootMVCShopping\src\test\resources
2024-11-19 15:56:29,300 [Worker-14: Update Maven projects configuration] INFO  o.e.m.c.i.p.ProjectConfigurationManager - Update completed for 1 poms: local refresh takes 0.00 sec, refresh facades takes 5.00 sec, update config takes 6.00 sec 
2024-11-19 15:56:53,645 [Worker-26: Launching Executing clean in C__Users_Administrator_git_real_time_data_process_20240708_1_springBootMVCShopping] INFO  o.eclipse.m2e.core.internal.Bundles - getClasspathEntries(Bundle=org.eclipse.m2e.maven.runtime_3.9.700.20240602-2313 [644])
2024-11-19 15:56:53,647 [Worker-26: Launching Executing clean in C__Users_Administrator_git_real_time_data_process_20240708_1_springBootMVCShopping] INFO  o.eclipse.m2e.core.internal.Bundles - 	Entry: C:\Users\Administrator\.p2\pool\plugins\org.eclipse.m2e.maven.runtime_3.9.700.20240602-2313
2024-11-19 15:56:53,648 [Worker-26: Launching Executing clean in C__Users_Administrator_git_real_time_data_process_20240708_1_springBootMVCShopping] INFO  o.eclipse.m2e.core.internal.Bundles - 	Entry: C:\Users\Administrator\.p2\pool\plugins\org.eclipse.m2e.maven.runtime_3.9.700.20240602-2313\jars\aopalliance-1.0.jar
2024-11-19 15:56:53,648 [Worker-26: Launching Executing clean in C__Users_Administrator_git_real_time_data_process_20240708_1_springBootMVCShopping] INFO  o.eclipse.m2e.core.internal.Bundles - 	Entry: C:\Users\Administrator\.p2\pool\plugins\org.eclipse.m2e.maven.runtime_3.9.700.20240602-2313\jars\guice-5.1.0.jar
2024-11-19 15:56:53,648 [Worker-26: Launching Executing clean in C__Users_Administrator_git_real_time_data_process_20240708_1_springBootMVCShopping] INFO  o.eclipse.m2e.core.internal.Bundles - 	Entry: C:\Users\Administrator\.p2\pool\plugins\org.eclipse.m2e.maven.runtime_3.9.700.20240602-2313\jars\httpclient-4.5.14.jar
2024-11-19 15:56:53,648 [Worker-26: Launching Executing clean in C__Users_Administrator_git_real_time_data_process_20240708_1_springBootMVCShopping] INFO  o.eclipse.m2e.core.internal.Bundles - 	Entry: C:\Users\Administrator\.p2\pool\plugins\org.eclipse.m2e.maven.runtime_3.9.700.20240602-2313\jars\httpcore-4.4.16.jar
2024-11-19 15:56:53,648 [Worker-26: Launching Executing clean in C__Users_Administrator_git_real_time_data_process_20240708_1_springBootMVCShopping] INFO  o.eclipse.m2e.core.internal.Bundles - 	Entry: C:\Users\Administrator\.p2\pool\plugins\org.eclipse.m2e.maven.runtime_3.9.700.20240602-2313\jars\jansi-2.4.1.jar
2024-11-19 15:56:53,648 [Worker-26: Launching Executing clean in C__Users_Administrator_git_real_time_data_process_20240708_1_springBootMVCShopping] INFO  o.eclipse.m2e.core.internal.Bundles - 	Entry: C:\Users\Administrator\.p2\pool\plugins\org.eclipse.m2e.maven.runtime_3.9.700.20240602-2313\jars\jcl-over-slf4j-1.7.36.jar
2024-11-19 15:56:53,648 [Worker-26: Launching Executing clean in C__Users_Administrator_git_real_time_data_process_20240708_1_springBootMVCShopping] INFO  o.eclipse.m2e.core.internal.Bundles - 	Entry: C:\Users\Administrator\.p2\pool\plugins\org.eclipse.m2e.maven.runtime_3.9.700.20240602-2313\jars\maven-artifact-3.9.7.jar
2024-11-19 15:56:53,649 [Worker-26: Launching Executing clean in C__Users_Administrator_git_real_time_data_process_20240708_1_springBootMVCShopping] INFO  o.eclipse.m2e.core.internal.Bundles - 	Entry: C:\Users\Administrator\.p2\pool\plugins\org.eclipse.m2e.maven.runtime_3.9.700.20240602-2313\jars\maven-builder-support-3.9.7.jar
2024-11-19 15:56:53,649 [Worker-26: Launching Executing clean in C__Users_Administrator_git_real_time_data_process_20240708_1_springBootMVCShopping] INFO  o.eclipse.m2e.core.internal.Bundles - 	Entry: C:\Users\Administrator\.p2\pool\plugins\org.eclipse.m2e.maven.runtime_3.9.700.20240602-2313\jars\maven-compat-3.9.7.jar
2024-11-19 15:56:53,649 [Worker-26: Launching Executing clean in C__Users_Administrator_git_real_time_data_process_20240708_1_springBootMVCShopping] INFO  o.eclipse.m2e.core.internal.Bundles - 	Entry: C:\Users\Administrator\.p2\pool\plugins\org.eclipse.m2e.maven.runtime_3.9.700.20240602-2313\jars\maven-core-3.9.7.jar
2024-11-19 15:56:53,649 [Worker-26: Launching Executing clean in C__Users_Administrator_git_real_time_data_process_20240708_1_springBootMVCShopping] INFO  o.eclipse.m2e.core.internal.Bundles - 	Entry: C:\Users\Administrator\.p2\pool\plugins\org.eclipse.m2e.maven.runtime_3.9.700.20240602-2313\jars\maven-embedder-3.9.7.jar
2024-11-19 15:56:53,649 [Worker-26: Launching Executing clean in C__Users_Administrator_git_real_time_data_process_20240708_1_springBootMVCShopping] INFO  o.eclipse.m2e.core.internal.Bundles - 	Entry: C:\Users\Administrator\.p2\pool\plugins\org.eclipse.m2e.maven.runtime_3.9.700.20240602-2313\jars\maven-model-3.9.7.jar
2024-11-19 15:56:53,649 [Worker-26: Launching Executing clean in C__Users_Administrator_git_real_time_data_process_20240708_1_springBootMVCShopping] INFO  o.eclipse.m2e.core.internal.Bundles - 	Entry: C:\Users\Administrator\.p2\pool\plugins\org.eclipse.m2e.maven.runtime_3.9.700.20240602-2313\jars\maven-model-builder-3.9.7.jar
2024-11-19 15:56:53,649 [Worker-26: Launching Executing clean in C__Users_Administrator_git_real_time_data_process_20240708_1_springBootMVCShopping] INFO  o.eclipse.m2e.core.internal.Bundles - 	Entry: C:\Users\Administrator\.p2\pool\plugins\org.eclipse.m2e.maven.runtime_3.9.700.20240602-2313\jars\maven-plugin-api-3.9.7.jar
2024-11-19 15:56:53,650 [Worker-26: Launching Executing clean in C__Users_Administrator_git_real_time_data_process_20240708_1_springBootMVCShopping] INFO  o.eclipse.m2e.core.internal.Bundles - 	Entry: C:\Users\Administrator\.p2\pool\plugins\org.eclipse.m2e.maven.runtime_3.9.700.20240602-2313\jars\maven-repository-metadata-3.9.7.jar
2024-11-19 15:56:53,650 [Worker-26: Launching Executing clean in C__Users_Administrator_git_real_time_data_process_20240708_1_springBootMVCShopping] INFO  o.eclipse.m2e.core.internal.Bundles - 	Entry: C:\Users\Administrator\.p2\pool\plugins\org.eclipse.m2e.maven.runtime_3.9.700.20240602-2313\jars\maven-resolver-api-1.9.20.jar
2024-11-19 15:56:53,650 [Worker-26: Launching Executing clean in C__Users_Administrator_git_real_time_data_process_20240708_1_springBootMVCShopping] INFO  o.eclipse.m2e.core.internal.Bundles - 	Entry: C:\Users\Administrator\.p2\pool\plugins\org.eclipse.m2e.maven.runtime_3.9.700.20240602-2313\jars\maven-resolver-connector-basic-1.9.20.jar
2024-11-19 15:56:53,650 [Worker-26: Launching Executing clean in C__Users_Administrator_git_real_time_data_process_20240708_1_springBootMVCShopping] INFO  o.eclipse.m2e.core.internal.Bundles - 	Entry: C:\Users\Administrator\.p2\pool\plugins\org.eclipse.m2e.maven.runtime_3.9.700.20240602-2313\jars\maven-resolver-impl-1.9.20.jar
2024-11-19 15:56:53,650 [Worker-26: Launching Executing clean in C__Users_Administrator_git_real_time_data_process_20240708_1_springBootMVCShopping] INFO  o.eclipse.m2e.core.internal.Bundles - 	Entry: C:\Users\Administrator\.p2\pool\plugins\org.eclipse.m2e.maven.runtime_3.9.700.20240602-2313\jars\maven-resolver-named-locks-1.9.20.jar
2024-11-19 15:56:53,651 [Worker-26: Launching Executing clean in C__Users_Administrator_git_real_time_data_process_20240708_1_springBootMVCShopping] INFO  o.eclipse.m2e.core.internal.Bundles - 	Entry: C:\Users\Administrator\.p2\pool\plugins\org.eclipse.m2e.maven.runtime_3.9.700.20240602-2313\jars\maven-resolver-provider-3.9.7.jar
2024-11-19 15:56:53,651 [Worker-26: Launching Executing clean in C__Users_Administrator_git_real_time_data_process_20240708_1_springBootMVCShopping] INFO  o.eclipse.m2e.core.internal.Bundles - 	Entry: C:\Users\Administrator\.p2\pool\plugins\org.eclipse.m2e.maven.runtime_3.9.700.20240602-2313\jars\maven-resolver-spi-1.9.20.jar
2024-11-19 15:56:53,651 [Worker-26: Launching Executing clean in C__Users_Administrator_git_real_time_data_process_20240708_1_springBootMVCShopping] INFO  o.eclipse.m2e.core.internal.Bundles - 	Entry: C:\Users\Administrator\.p2\pool\plugins\org.eclipse.m2e.maven.runtime_3.9.700.20240602-2313\jars\maven-resolver-transport-file-1.9.20.jar
2024-11-19 15:56:53,651 [Worker-26: Launching Executing clean in C__Users_Administrator_git_real_time_data_process_20240708_1_springBootMVCShopping] INFO  o.eclipse.m2e.core.internal.Bundles - 	Entry: C:\Users\Administrator\.p2\pool\plugins\org.eclipse.m2e.maven.runtime_3.9.700.20240602-2313\jars\maven-resolver-transport-http-1.9.20.jar
2024-11-19 15:56:53,651 [Worker-26: Launching Executing clean in C__Users_Administrator_git_real_time_data_process_20240708_1_springBootMVCShopping] INFO  o.eclipse.m2e.core.internal.Bundles - 	Entry: C:\Users\Administrator\.p2\pool\plugins\org.eclipse.m2e.maven.runtime_3.9.700.20240602-2313\jars\maven-resolver-transport-wagon-1.9.20.jar
2024-11-19 15:56:53,651 [Worker-26: Launching Executing clean in C__Users_Administrator_git_real_time_data_process_20240708_1_springBootMVCShopping] INFO  o.eclipse.m2e.core.internal.Bundles - 	Entry: C:\Users\Administrator\.p2\pool\plugins\org.eclipse.m2e.maven.runtime_3.9.700.20240602-2313\jars\maven-resolver-util-1.9.20.jar
2024-11-19 15:56:53,652 [Worker-26: Launching Executing clean in C__Users_Administrator_git_real_time_data_process_20240708_1_springBootMVCShopping] INFO  o.eclipse.m2e.core.internal.Bundles - 	Entry: C:\Users\Administrator\.p2\pool\plugins\org.eclipse.m2e.maven.runtime_3.9.700.20240602-2313\jars\maven-settings-3.9.7.jar
2024-11-19 15:56:53,652 [Worker-26: Launching Executing clean in C__Users_Administrator_git_real_time_data_process_20240708_1_springBootMVCShopping] INFO  o.eclipse.m2e.core.internal.Bundles - 	Entry: C:\Users\Administrator\.p2\pool\plugins\org.eclipse.m2e.maven.runtime_3.9.700.20240602-2313\jars\maven-settings-builder-3.9.7.jar
2024-11-19 15:56:53,652 [Worker-26: Launching Executing clean in C__Users_Administrator_git_real_time_data_process_20240708_1_springBootMVCShopping] INFO  o.eclipse.m2e.core.internal.Bundles - 	Entry: C:\Users\Administrator\.p2\pool\plugins\org.eclipse.m2e.maven.runtime_3.9.700.20240602-2313\jars\maven-shared-utils-3.4.2.jar
2024-11-19 15:56:53,652 [Worker-26: Launching Executing clean in C__Users_Administrator_git_real_time_data_process_20240708_1_springBootMVCShopping] INFO  o.eclipse.m2e.core.internal.Bundles - 	Entry: C:\Users\Administrator\.p2\pool\plugins\org.eclipse.m2e.maven.runtime_3.9.700.20240602-2313\jars\org.eclipse.sisu.inject-0.9.0.M2.jar
2024-11-19 15:56:53,652 [Worker-26: Launching Executing clean in C__Users_Administrator_git_real_time_data_process_20240708_1_springBootMVCShopping] INFO  o.eclipse.m2e.core.internal.Bundles - 	Entry: C:\Users\Administrator\.p2\pool\plugins\org.eclipse.m2e.maven.runtime_3.9.700.20240602-2313\jars\org.eclipse.sisu.plexus-0.9.0.M2.jar
2024-11-19 15:56:53,652 [Worker-26: Launching Executing clean in C__Users_Administrator_git_real_time_data_process_20240708_1_springBootMVCShopping] INFO  o.eclipse.m2e.core.internal.Bundles - 	Entry: C:\Users\Administrator\.p2\pool\plugins\org.eclipse.m2e.maven.runtime_3.9.700.20240602-2313\jars\plexus-build-api-0.0.7.jar
2024-11-19 15:56:53,652 [Worker-26: Launching Executing clean in C__Users_Administrator_git_real_time_data_process_20240708_1_springBootMVCShopping] INFO  o.eclipse.m2e.core.internal.Bundles - 	Entry: C:\Users\Administrator\.p2\pool\plugins\org.eclipse.m2e.maven.runtime_3.9.700.20240602-2313\jars\plexus-build-api-1.2.0.jar
2024-11-19 15:56:53,653 [Worker-26: Launching Executing clean in C__Users_Administrator_git_real_time_data_process_20240708_1_springBootMVCShopping] INFO  o.eclipse.m2e.core.internal.Bundles - 	Entry: C:\Users\Administrator\.p2\pool\plugins\org.eclipse.m2e.maven.runtime_3.9.700.20240602-2313\jars\plexus-cipher-2.0.jar
2024-11-19 15:56:53,653 [Worker-26: Launching Executing clean in C__Users_Administrator_git_real_time_data_process_20240708_1_springBootMVCShopping] INFO  o.eclipse.m2e.core.internal.Bundles - 	Entry: C:\Users\Administrator\.p2\pool\plugins\org.eclipse.m2e.maven.runtime_3.9.700.20240602-2313\jars\plexus-classworlds-2.8.0.jar
2024-11-19 15:56:53,653 [Worker-26: Launching Executing clean in C__Users_Administrator_git_real_time_data_process_20240708_1_springBootMVCShopping] INFO  o.eclipse.m2e.core.internal.Bundles - 	Entry: C:\Users\Administrator\.p2\pool\plugins\org.eclipse.m2e.maven.runtime_3.9.700.20240602-2313\jars\plexus-component-annotations-2.1.0.jar
2024-11-19 15:56:53,653 [Worker-26: Launching Executing clean in C__Users_Administrator_git_real_time_data_process_20240708_1_springBootMVCShopping] INFO  o.eclipse.m2e.core.internal.Bundles - 	Entry: C:\Users\Administrator\.p2\pool\plugins\org.eclipse.m2e.maven.runtime_3.9.700.20240602-2313\jars\plexus-interpolation-1.27.jar
2024-11-19 15:56:53,653 [Worker-26: Launching Executing clean in C__Users_Administrator_git_real_time_data_process_20240708_1_springBootMVCShopping] INFO  o.eclipse.m2e.core.internal.Bundles - 	Entry: C:\Users\Administrator\.p2\pool\plugins\org.eclipse.m2e.maven.runtime_3.9.700.20240602-2313\jars\plexus-sec-dispatcher-2.0.jar
2024-11-19 15:56:53,653 [Worker-26: Launching Executing clean in C__Users_Administrator_git_real_time_data_process_20240708_1_springBootMVCShopping] INFO  o.eclipse.m2e.core.internal.Bundles - 	Entry: C:\Users\Administrator\.p2\pool\plugins\org.eclipse.m2e.maven.runtime_3.9.700.20240602-2313\jars\plexus-utils-3.5.1.jar
2024-11-19 15:56:53,653 [Worker-26: Launching Executing clean in C__Users_Administrator_git_real_time_data_process_20240708_1_springBootMVCShopping] INFO  o.eclipse.m2e.core.internal.Bundles - 	Entry: C:\Users\Administrator\.p2\pool\plugins\org.eclipse.m2e.maven.runtime_3.9.700.20240602-2313\jars\wagon-file-3.5.3.jar
2024-11-19 15:56:53,654 [Worker-26: Launching Executing clean in C__Users_Administrator_git_real_time_data_process_20240708_1_springBootMVCShopping] INFO  o.eclipse.m2e.core.internal.Bundles - 	Entry: C:\Users\Administrator\.p2\pool\plugins\org.eclipse.m2e.maven.runtime_3.9.700.20240602-2313\jars\wagon-http-3.5.3.jar
2024-11-19 15:56:53,654 [Worker-26: Launching Executing clean in C__Users_Administrator_git_real_time_data_process_20240708_1_springBootMVCShopping] INFO  o.eclipse.m2e.core.internal.Bundles - 	Entry: C:\Users\Administrator\.p2\pool\plugins\org.eclipse.m2e.maven.runtime_3.9.700.20240602-2313\jars\wagon-http-shared-3.5.3.jar
2024-11-19 15:56:53,654 [Worker-26: Launching Executing clean in C__Users_Administrator_git_real_time_data_process_20240708_1_springBootMVCShopping] INFO  o.eclipse.m2e.core.internal.Bundles - 	Entry: C:\Users\Administrator\.p2\pool\plugins\org.eclipse.m2e.maven.runtime_3.9.700.20240602-2313\jars\wagon-provider-api-3.5.3.jar
2024-11-19 15:56:53,655 [Worker-26: Launching Executing clean in C__Users_Administrator_git_real_time_data_process_20240708_1_springBootMVCShopping] INFO  o.eclipse.m2e.core.internal.Bundles - getClasspathEntries(Bundle=com.google.guava_33.3.0.jre [1071])
2024-11-19 15:56:53,656 [Worker-26: Launching Executing clean in C__Users_Administrator_git_real_time_data_process_20240708_1_springBootMVCShopping] INFO  o.eclipse.m2e.core.internal.Bundles - 	Entry: C:\Users\Administrator\.p2\pool\plugins\com.google.guava_33.3.0.jre.jar
2024-11-19 15:56:53,656 [Worker-26: Launching Executing clean in C__Users_Administrator_git_real_time_data_process_20240708_1_springBootMVCShopping] INFO  o.eclipse.m2e.core.internal.Bundles - getClasspathEntries(Bundle=slf4j.api_2.0.16 [1172])
2024-11-19 15:56:53,656 [Worker-26: Launching Executing clean in C__Users_Administrator_git_real_time_data_process_20240708_1_springBootMVCShopping] INFO  o.eclipse.m2e.core.internal.Bundles - 	Entry: C:\Users\Administrator\.p2\pool\plugins\slf4j.api_2.0.16.jar
2024-11-19 15:56:53,656 [Worker-26: Launching Executing clean in C__Users_Administrator_git_real_time_data_process_20240708_1_springBootMVCShopping] INFO  o.eclipse.m2e.core.internal.Bundles - getClasspathEntries(Bundle=jakarta.inject.jakarta.inject-api_1.0.5 [33])
2024-11-19 15:56:53,656 [Worker-26: Launching Executing clean in C__Users_Administrator_git_real_time_data_process_20240708_1_springBootMVCShopping] INFO  o.eclipse.m2e.core.internal.Bundles - 	Entry: C:\Users\Administrator\.p2\pool\plugins\jakarta.inject.jakarta.inject-api_1.0.5.jar
2024-11-19 15:56:53,656 [Worker-26: Launching Executing clean in C__Users_Administrator_git_real_time_data_process_20240708_1_springBootMVCShopping] INFO  o.eclipse.m2e.core.internal.Bundles - getClasspathEntries(Bundle=javax.annotation_1.3.5.v20200909-1856 [44])
2024-11-19 15:56:53,657 [Worker-26: Launching Executing clean in C__Users_Administrator_git_real_time_data_process_20240708_1_springBootMVCShopping] INFO  o.eclipse.m2e.core.internal.Bundles - 	Entry: C:\Users\Administrator\.p2\pool\plugins\javax.annotation_1.3.5.v20200909-1856.jar
2024-11-19 15:56:53,657 [Worker-26: Launching Executing clean in C__Users_Administrator_git_real_time_data_process_20240708_1_springBootMVCShopping] INFO  o.eclipse.m2e.core.internal.Bundles - getClasspathEntries(Bundle=org.apache.commons.cli_1.9.0 [1078])
2024-11-19 15:56:53,657 [Worker-26: Launching Executing clean in C__Users_Administrator_git_real_time_data_process_20240708_1_springBootMVCShopping] INFO  o.eclipse.m2e.core.internal.Bundles - 	Entry: C:\Users\Administrator\.p2\pool\plugins\org.apache.commons.cli_1.9.0.jar
2024-11-19 15:56:53,657 [Worker-26: Launching Executing clean in C__Users_Administrator_git_real_time_data_process_20240708_1_springBootMVCShopping] INFO  o.eclipse.m2e.core.internal.Bundles - getClasspathEntries(Bundle=org.apache.commons.commons-codec_1.16.0 [81])
2024-11-19 15:56:53,657 [Worker-26: Launching Executing clean in C__Users_Administrator_git_real_time_data_process_20240708_1_springBootMVCShopping] INFO  o.eclipse.m2e.core.internal.Bundles - 	Entry: C:\Users\Administrator\.p2\pool\plugins\org.apache.commons.commons-codec_1.16.0.jar
2024-11-19 15:56:53,657 [Worker-26: Launching Executing clean in C__Users_Administrator_git_real_time_data_process_20240708_1_springBootMVCShopping] INFO  o.eclipse.m2e.core.internal.Bundles - getClasspathEntries(Bundle=org.apache.commons.lang3_3.16.0 [1080])
2024-11-19 15:56:53,658 [Worker-26: Launching Executing clean in C__Users_Administrator_git_real_time_data_process_20240708_1_springBootMVCShopping] INFO  o.eclipse.m2e.core.internal.Bundles - 	Entry: C:\Users\Administrator\.p2\pool\plugins\org.apache.commons.lang3_3.16.0.jar
2024-11-19 15:56:53,658 [Worker-26: Launching Executing clean in C__Users_Administrator_git_real_time_data_process_20240708_1_springBootMVCShopping] INFO  o.eclipse.m2e.core.internal.Bundles - getClasspathEntries(Bundle=com.google.guava.failureaccess_1.0.2 [17])
2024-11-19 15:56:53,658 [Worker-26: Launching Executing clean in C__Users_Administrator_git_real_time_data_process_20240708_1_springBootMVCShopping] INFO  o.eclipse.m2e.core.internal.Bundles - 	Entry: C:\Users\Administrator\.p2\pool\plugins\com.google.guava.failureaccess_1.0.2.jar
2024-11-19 15:56:53,661 [Worker-26: Launching Executing clean in C__Users_Administrator_git_real_time_data_process_20240708_1_springBootMVCShopping] INFO  o.e.m.i.launch.MavenLaunchDelegate - Run build in "C:\Users\Administrator\git\real_time_data_process_20240708_1\springBootMVCShopping":
2024-11-19 15:56:53,665 [Worker-26: Launching Executing clean in C__Users_Administrator_git_real_time_data_process_20240708_1_springBootMVCShopping] INFO  o.e.m.i.launch.MavenLaunchDelegate -  mvn  -B -Dstyle.color=always clean
2024-11-19 15:56:56,550 [Worker-28: Building] INFO  o.a.m.s.f.DefaultMavenResourcesFiltering - Copying 1 resource from src\main\resources to target\classes
2024-11-19 15:56:56,554 [Worker-28: Building] INFO  o.a.m.s.f.DefaultMavenResourcesFiltering - Copying 65 resources from src\main\resources to target\classes
2024-11-19 15:56:56,619 [Worker-28: Building] INFO  o.a.m.s.f.DefaultMavenResourcesFiltering - skip non existing resourceDirectory C:\Users\Administrator\git\real_time_data_process_20240708_1\springBootMVCShopping\src\test\resources
2024-11-19 15:56:56,619 [Worker-28: Building] INFO  o.e.m.w.i.f.ResourceFilteringBuildParticipant - Changed resources require a complete clean of filtered resources of springBootMVCShopping
2024-11-19 15:56:56,620 [Worker-28: Building] INFO  o.e.m.w.i.f.ResourceFilteringBuildParticipant - Executing resource filtering for springBootMVCShopping
2024-11-19 15:57:03,504 [Worker-23: Launching Executing install in C__Users_Administrator_git_real_time_data_process_20240708_1_springBootMVCShopping] INFO  o.eclipse.m2e.core.internal.Bundles - getClasspathEntries(Bundle=org.eclipse.m2e.maven.runtime_3.9.700.20240602-2313 [644])
2024-11-19 15:57:03,505 [Worker-23: Launching Executing install in C__Users_Administrator_git_real_time_data_process_20240708_1_springBootMVCShopping] INFO  o.eclipse.m2e.core.internal.Bundles - 	Entry: C:\Users\Administrator\.p2\pool\plugins\org.eclipse.m2e.maven.runtime_3.9.700.20240602-2313
2024-11-19 15:57:03,509 [Worker-23: Launching Executing install in C__Users_Administrator_git_real_time_data_process_20240708_1_springBootMVCShopping] INFO  o.eclipse.m2e.core.internal.Bundles - 	Entry: C:\Users\Administrator\.p2\pool\plugins\org.eclipse.m2e.maven.runtime_3.9.700.20240602-2313\jars\aopalliance-1.0.jar
2024-11-19 15:57:03,509 [Worker-23: Launching Executing install in C__Users_Administrator_git_real_time_data_process_20240708_1_springBootMVCShopping] INFO  o.eclipse.m2e.core.internal.Bundles - 	Entry: C:\Users\Administrator\.p2\pool\plugins\org.eclipse.m2e.maven.runtime_3.9.700.20240602-2313\jars\guice-5.1.0.jar
2024-11-19 15:57:03,510 [Worker-23: Launching Executing install in C__Users_Administrator_git_real_time_data_process_20240708_1_springBootMVCShopping] INFO  o.eclipse.m2e.core.internal.Bundles - 	Entry: C:\Users\Administrator\.p2\pool\plugins\org.eclipse.m2e.maven.runtime_3.9.700.20240602-2313\jars\httpclient-4.5.14.jar
2024-11-19 15:57:03,510 [Worker-23: Launching Executing install in C__Users_Administrator_git_real_time_data_process_20240708_1_springBootMVCShopping] INFO  o.eclipse.m2e.core.internal.Bundles - 	Entry: C:\Users\Administrator\.p2\pool\plugins\org.eclipse.m2e.maven.runtime_3.9.700.20240602-2313\jars\httpcore-4.4.16.jar
2024-11-19 15:57:03,510 [Worker-23: Launching Executing install in C__Users_Administrator_git_real_time_data_process_20240708_1_springBootMVCShopping] INFO  o.eclipse.m2e.core.internal.Bundles - 	Entry: C:\Users\Administrator\.p2\pool\plugins\org.eclipse.m2e.maven.runtime_3.9.700.20240602-2313\jars\jansi-2.4.1.jar
2024-11-19 15:57:03,510 [Worker-23: Launching Executing install in C__Users_Administrator_git_real_time_data_process_20240708_1_springBootMVCShopping] INFO  o.eclipse.m2e.core.internal.Bundles - 	Entry: C:\Users\Administrator\.p2\pool\plugins\org.eclipse.m2e.maven.runtime_3.9.700.20240602-2313\jars\jcl-over-slf4j-1.7.36.jar
2024-11-19 15:57:03,510 [Worker-23: Launching Executing install in C__Users_Administrator_git_real_time_data_process_20240708_1_springBootMVCShopping] INFO  o.eclipse.m2e.core.internal.Bundles - 	Entry: C:\Users\Administrator\.p2\pool\plugins\org.eclipse.m2e.maven.runtime_3.9.700.20240602-2313\jars\maven-artifact-3.9.7.jar
2024-11-19 15:57:03,510 [Worker-23: Launching Executing install in C__Users_Administrator_git_real_time_data_process_20240708_1_springBootMVCShopping] INFO  o.eclipse.m2e.core.internal.Bundles - 	Entry: C:\Users\Administrator\.p2\pool\plugins\org.eclipse.m2e.maven.runtime_3.9.700.20240602-2313\jars\maven-builder-support-3.9.7.jar
2024-11-19 15:57:03,510 [Worker-23: Launching Executing install in C__Users_Administrator_git_real_time_data_process_20240708_1_springBootMVCShopping] INFO  o.eclipse.m2e.core.internal.Bundles - 	Entry: C:\Users\Administrator\.p2\pool\plugins\org.eclipse.m2e.maven.runtime_3.9.700.20240602-2313\jars\maven-compat-3.9.7.jar
2024-11-19 15:57:03,511 [Worker-23: Launching Executing install in C__Users_Administrator_git_real_time_data_process_20240708_1_springBootMVCShopping] INFO  o.eclipse.m2e.core.internal.Bundles - 	Entry: C:\Users\Administrator\.p2\pool\plugins\org.eclipse.m2e.maven.runtime_3.9.700.20240602-2313\jars\maven-core-3.9.7.jar
2024-11-19 15:57:03,512 [Worker-23: Launching Executing install in C__Users_Administrator_git_real_time_data_process_20240708_1_springBootMVCShopping] INFO  o.eclipse.m2e.core.internal.Bundles - 	Entry: C:\Users\Administrator\.p2\pool\plugins\org.eclipse.m2e.maven.runtime_3.9.700.20240602-2313\jars\maven-embedder-3.9.7.jar
2024-11-19 15:57:03,513 [Worker-23: Launching Executing install in C__Users_Administrator_git_real_time_data_process_20240708_1_springBootMVCShopping] INFO  o.eclipse.m2e.core.internal.Bundles - 	Entry: C:\Users\Administrator\.p2\pool\plugins\org.eclipse.m2e.maven.runtime_3.9.700.20240602-2313\jars\maven-model-3.9.7.jar
2024-11-19 15:57:03,513 [Worker-23: Launching Executing install in C__Users_Administrator_git_real_time_data_process_20240708_1_springBootMVCShopping] INFO  o.eclipse.m2e.core.internal.Bundles - 	Entry: C:\Users\Administrator\.p2\pool\plugins\org.eclipse.m2e.maven.runtime_3.9.700.20240602-2313\jars\maven-model-builder-3.9.7.jar
2024-11-19 15:57:03,513 [Worker-23: Launching Executing install in C__Users_Administrator_git_real_time_data_process_20240708_1_springBootMVCShopping] INFO  o.eclipse.m2e.core.internal.Bundles - 	Entry: C:\Users\Administrator\.p2\pool\plugins\org.eclipse.m2e.maven.runtime_3.9.700.20240602-2313\jars\maven-plugin-api-3.9.7.jar
2024-11-19 15:57:03,513 [Worker-23: Launching Executing install in C__Users_Administrator_git_real_time_data_process_20240708_1_springBootMVCShopping] INFO  o.eclipse.m2e.core.internal.Bundles - 	Entry: C:\Users\Administrator\.p2\pool\plugins\org.eclipse.m2e.maven.runtime_3.9.700.20240602-2313\jars\maven-repository-metadata-3.9.7.jar
2024-11-19 15:57:03,513 [Worker-23: Launching Executing install in C__Users_Administrator_git_real_time_data_process_20240708_1_springBootMVCShopping] INFO  o.eclipse.m2e.core.internal.Bundles - 	Entry: C:\Users\Administrator\.p2\pool\plugins\org.eclipse.m2e.maven.runtime_3.9.700.20240602-2313\jars\maven-resolver-api-1.9.20.jar
2024-11-19 15:57:03,513 [Worker-23: Launching Executing install in C__Users_Administrator_git_real_time_data_process_20240708_1_springBootMVCShopping] INFO  o.eclipse.m2e.core.internal.Bundles - 	Entry: C:\Users\Administrator\.p2\pool\plugins\org.eclipse.m2e.maven.runtime_3.9.700.20240602-2313\jars\maven-resolver-connector-basic-1.9.20.jar
2024-11-19 15:57:03,514 [Worker-23: Launching Executing install in C__Users_Administrator_git_real_time_data_process_20240708_1_springBootMVCShopping] INFO  o.eclipse.m2e.core.internal.Bundles - 	Entry: C:\Users\Administrator\.p2\pool\plugins\org.eclipse.m2e.maven.runtime_3.9.700.20240602-2313\jars\maven-resolver-impl-1.9.20.jar
2024-11-19 15:57:03,514 [Worker-23: Launching Executing install in C__Users_Administrator_git_real_time_data_process_20240708_1_springBootMVCShopping] INFO  o.eclipse.m2e.core.internal.Bundles - 	Entry: C:\Users\Administrator\.p2\pool\plugins\org.eclipse.m2e.maven.runtime_3.9.700.20240602-2313\jars\maven-resolver-named-locks-1.9.20.jar
2024-11-19 15:57:03,514 [Worker-23: Launching Executing install in C__Users_Administrator_git_real_time_data_process_20240708_1_springBootMVCShopping] INFO  o.eclipse.m2e.core.internal.Bundles - 	Entry: C:\Users\Administrator\.p2\pool\plugins\org.eclipse.m2e.maven.runtime_3.9.700.20240602-2313\jars\maven-resolver-provider-3.9.7.jar
2024-11-19 15:57:03,514 [Worker-23: Launching Executing install in C__Users_Administrator_git_real_time_data_process_20240708_1_springBootMVCShopping] INFO  o.eclipse.m2e.core.internal.Bundles - 	Entry: C:\Users\Administrator\.p2\pool\plugins\org.eclipse.m2e.maven.runtime_3.9.700.20240602-2313\jars\maven-resolver-spi-1.9.20.jar
2024-11-19 15:57:03,514 [Worker-23: Launching Executing install in C__Users_Administrator_git_real_time_data_process_20240708_1_springBootMVCShopping] INFO  o.eclipse.m2e.core.internal.Bundles - 	Entry: C:\Users\Administrator\.p2\pool\plugins\org.eclipse.m2e.maven.runtime_3.9.700.20240602-2313\jars\maven-resolver-transport-file-1.9.20.jar
2024-11-19 15:57:03,514 [Worker-23: Launching Executing install in C__Users_Administrator_git_real_time_data_process_20240708_1_springBootMVCShopping] INFO  o.eclipse.m2e.core.internal.Bundles - 	Entry: C:\Users\Administrator\.p2\pool\plugins\org.eclipse.m2e.maven.runtime_3.9.700.20240602-2313\jars\maven-resolver-transport-http-1.9.20.jar
2024-11-19 15:57:03,514 [Worker-23: Launching Executing install in C__Users_Administrator_git_real_time_data_process_20240708_1_springBootMVCShopping] INFO  o.eclipse.m2e.core.internal.Bundles - 	Entry: C:\Users\Administrator\.p2\pool\plugins\org.eclipse.m2e.maven.runtime_3.9.700.20240602-2313\jars\maven-resolver-transport-wagon-1.9.20.jar
2024-11-19 15:57:03,515 [Worker-23: Launching Executing install in C__Users_Administrator_git_real_time_data_process_20240708_1_springBootMVCShopping] INFO  o.eclipse.m2e.core.internal.Bundles - 	Entry: C:\Users\Administrator\.p2\pool\plugins\org.eclipse.m2e.maven.runtime_3.9.700.20240602-2313\jars\maven-resolver-util-1.9.20.jar
2024-11-19 15:57:03,515 [Worker-23: Launching Executing install in C__Users_Administrator_git_real_time_data_process_20240708_1_springBootMVCShopping] INFO  o.eclipse.m2e.core.internal.Bundles - 	Entry: C:\Users\Administrator\.p2\pool\plugins\org.eclipse.m2e.maven.runtime_3.9.700.20240602-2313\jars\maven-settings-3.9.7.jar
2024-11-19 15:57:03,515 [Worker-23: Launching Executing install in C__Users_Administrator_git_real_time_data_process_20240708_1_springBootMVCShopping] INFO  o.eclipse.m2e.core.internal.Bundles - 	Entry: C:\Users\Administrator\.p2\pool\plugins\org.eclipse.m2e.maven.runtime_3.9.700.20240602-2313\jars\maven-settings-builder-3.9.7.jar
2024-11-19 15:57:03,515 [Worker-23: Launching Executing install in C__Users_Administrator_git_real_time_data_process_20240708_1_springBootMVCShopping] INFO  o.eclipse.m2e.core.internal.Bundles - 	Entry: C:\Users\Administrator\.p2\pool\plugins\org.eclipse.m2e.maven.runtime_3.9.700.20240602-2313\jars\maven-shared-utils-3.4.2.jar
2024-11-19 15:57:03,515 [Worker-23: Launching Executing install in C__Users_Administrator_git_real_time_data_process_20240708_1_springBootMVCShopping] INFO  o.eclipse.m2e.core.internal.Bundles - 	Entry: C:\Users\Administrator\.p2\pool\plugins\org.eclipse.m2e.maven.runtime_3.9.700.20240602-2313\jars\org.eclipse.sisu.inject-0.9.0.M2.jar
2024-11-19 15:57:03,515 [Worker-23: Launching Executing install in C__Users_Administrator_git_real_time_data_process_20240708_1_springBootMVCShopping] INFO  o.eclipse.m2e.core.internal.Bundles - 	Entry: C:\Users\Administrator\.p2\pool\plugins\org.eclipse.m2e.maven.runtime_3.9.700.20240602-2313\jars\org.eclipse.sisu.plexus-0.9.0.M2.jar
2024-11-19 15:57:03,515 [Worker-23: Launching Executing install in C__Users_Administrator_git_real_time_data_process_20240708_1_springBootMVCShopping] INFO  o.eclipse.m2e.core.internal.Bundles - 	Entry: C:\Users\Administrator\.p2\pool\plugins\org.eclipse.m2e.maven.runtime_3.9.700.20240602-2313\jars\plexus-build-api-0.0.7.jar
2024-11-19 15:57:03,516 [Worker-23: Launching Executing install in C__Users_Administrator_git_real_time_data_process_20240708_1_springBootMVCShopping] INFO  o.eclipse.m2e.core.internal.Bundles - 	Entry: C:\Users\Administrator\.p2\pool\plugins\org.eclipse.m2e.maven.runtime_3.9.700.20240602-2313\jars\plexus-build-api-1.2.0.jar
2024-11-19 15:57:03,516 [Worker-23: Launching Executing install in C__Users_Administrator_git_real_time_data_process_20240708_1_springBootMVCShopping] INFO  o.eclipse.m2e.core.internal.Bundles - 	Entry: C:\Users\Administrator\.p2\pool\plugins\org.eclipse.m2e.maven.runtime_3.9.700.20240602-2313\jars\plexus-cipher-2.0.jar
2024-11-19 15:57:03,516 [Worker-23: Launching Executing install in C__Users_Administrator_git_real_time_data_process_20240708_1_springBootMVCShopping] INFO  o.eclipse.m2e.core.internal.Bundles - 	Entry: C:\Users\Administrator\.p2\pool\plugins\org.eclipse.m2e.maven.runtime_3.9.700.20240602-2313\jars\plexus-classworlds-2.8.0.jar
2024-11-19 15:57:03,516 [Worker-23: Launching Executing install in C__Users_Administrator_git_real_time_data_process_20240708_1_springBootMVCShopping] INFO  o.eclipse.m2e.core.internal.Bundles - 	Entry: C:\Users\Administrator\.p2\pool\plugins\org.eclipse.m2e.maven.runtime_3.9.700.20240602-2313\jars\plexus-component-annotations-2.1.0.jar
2024-11-19 15:57:03,516 [Worker-23: Launching Executing install in C__Users_Administrator_git_real_time_data_process_20240708_1_springBootMVCShopping] INFO  o.eclipse.m2e.core.internal.Bundles - 	Entry: C:\Users\Administrator\.p2\pool\plugins\org.eclipse.m2e.maven.runtime_3.9.700.20240602-2313\jars\plexus-interpolation-1.27.jar
2024-11-19 15:57:03,516 [Worker-23: Launching Executing install in C__Users_Administrator_git_real_time_data_process_20240708_1_springBootMVCShopping] INFO  o.eclipse.m2e.core.internal.Bundles - 	Entry: C:\Users\Administrator\.p2\pool\plugins\org.eclipse.m2e.maven.runtime_3.9.700.20240602-2313\jars\plexus-sec-dispatcher-2.0.jar
2024-11-19 15:57:03,516 [Worker-23: Launching Executing install in C__Users_Administrator_git_real_time_data_process_20240708_1_springBootMVCShopping] INFO  o.eclipse.m2e.core.internal.Bundles - 	Entry: C:\Users\Administrator\.p2\pool\plugins\org.eclipse.m2e.maven.runtime_3.9.700.20240602-2313\jars\plexus-utils-3.5.1.jar
2024-11-19 15:57:03,517 [Worker-23: Launching Executing install in C__Users_Administrator_git_real_time_data_process_20240708_1_springBootMVCShopping] INFO  o.eclipse.m2e.core.internal.Bundles - 	Entry: C:\Users\Administrator\.p2\pool\plugins\org.eclipse.m2e.maven.runtime_3.9.700.20240602-2313\jars\wagon-file-3.5.3.jar
2024-11-19 15:57:03,517 [Worker-23: Launching Executing install in C__Users_Administrator_git_real_time_data_process_20240708_1_springBootMVCShopping] INFO  o.eclipse.m2e.core.internal.Bundles - 	Entry: C:\Users\Administrator\.p2\pool\plugins\org.eclipse.m2e.maven.runtime_3.9.700.20240602-2313\jars\wagon-http-3.5.3.jar
2024-11-19 15:57:03,517 [Worker-23: Launching Executing install in C__Users_Administrator_git_real_time_data_process_20240708_1_springBootMVCShopping] INFO  o.eclipse.m2e.core.internal.Bundles - 	Entry: C:\Users\Administrator\.p2\pool\plugins\org.eclipse.m2e.maven.runtime_3.9.700.20240602-2313\jars\wagon-http-shared-3.5.3.jar
2024-11-19 15:57:03,517 [Worker-23: Launching Executing install in C__Users_Administrator_git_real_time_data_process_20240708_1_springBootMVCShopping] INFO  o.eclipse.m2e.core.internal.Bundles - 	Entry: C:\Users\Administrator\.p2\pool\plugins\org.eclipse.m2e.maven.runtime_3.9.700.20240602-2313\jars\wagon-provider-api-3.5.3.jar
2024-11-19 15:57:03,517 [Worker-23: Launching Executing install in C__Users_Administrator_git_real_time_data_process_20240708_1_springBootMVCShopping] INFO  o.eclipse.m2e.core.internal.Bundles - getClasspathEntries(Bundle=com.google.guava_33.3.0.jre [1071])
2024-11-19 15:57:03,522 [Worker-23: Launching Executing install in C__Users_Administrator_git_real_time_data_process_20240708_1_springBootMVCShopping] INFO  o.eclipse.m2e.core.internal.Bundles - 	Entry: C:\Users\Administrator\.p2\pool\plugins\com.google.guava_33.3.0.jre.jar
2024-11-19 15:57:03,522 [Worker-23: Launching Executing install in C__Users_Administrator_git_real_time_data_process_20240708_1_springBootMVCShopping] INFO  o.eclipse.m2e.core.internal.Bundles - getClasspathEntries(Bundle=slf4j.api_2.0.16 [1172])
2024-11-19 15:57:03,522 [Worker-23: Launching Executing install in C__Users_Administrator_git_real_time_data_process_20240708_1_springBootMVCShopping] INFO  o.eclipse.m2e.core.internal.Bundles - 	Entry: C:\Users\Administrator\.p2\pool\plugins\slf4j.api_2.0.16.jar
2024-11-19 15:57:03,523 [Worker-23: Launching Executing install in C__Users_Administrator_git_real_time_data_process_20240708_1_springBootMVCShopping] INFO  o.eclipse.m2e.core.internal.Bundles - getClasspathEntries(Bundle=jakarta.inject.jakarta.inject-api_1.0.5 [33])
2024-11-19 15:57:03,523 [Worker-23: Launching Executing install in C__Users_Administrator_git_real_time_data_process_20240708_1_springBootMVCShopping] INFO  o.eclipse.m2e.core.internal.Bundles - 	Entry: C:\Users\Administrator\.p2\pool\plugins\jakarta.inject.jakarta.inject-api_1.0.5.jar
2024-11-19 15:57:03,523 [Worker-23: Launching Executing install in C__Users_Administrator_git_real_time_data_process_20240708_1_springBootMVCShopping] INFO  o.eclipse.m2e.core.internal.Bundles - getClasspathEntries(Bundle=javax.annotation_1.3.5.v20200909-1856 [44])
2024-11-19 15:57:03,523 [Worker-23: Launching Executing install in C__Users_Administrator_git_real_time_data_process_20240708_1_springBootMVCShopping] INFO  o.eclipse.m2e.core.internal.Bundles - 	Entry: C:\Users\Administrator\.p2\pool\plugins\javax.annotation_1.3.5.v20200909-1856.jar
2024-11-19 15:57:03,523 [Worker-23: Launching Executing install in C__Users_Administrator_git_real_time_data_process_20240708_1_springBootMVCShopping] INFO  o.eclipse.m2e.core.internal.Bundles - getClasspathEntries(Bundle=org.apache.commons.cli_1.9.0 [1078])
2024-11-19 15:57:03,524 [Worker-23: Launching Executing install in C__Users_Administrator_git_real_time_data_process_20240708_1_springBootMVCShopping] INFO  o.eclipse.m2e.core.internal.Bundles - 	Entry: C:\Users\Administrator\.p2\pool\plugins\org.apache.commons.cli_1.9.0.jar
2024-11-19 15:57:03,524 [Worker-23: Launching Executing install in C__Users_Administrator_git_real_time_data_process_20240708_1_springBootMVCShopping] INFO  o.eclipse.m2e.core.internal.Bundles - getClasspathEntries(Bundle=org.apache.commons.commons-codec_1.16.0 [81])
2024-11-19 15:57:03,524 [Worker-23: Launching Executing install in C__Users_Administrator_git_real_time_data_process_20240708_1_springBootMVCShopping] INFO  o.eclipse.m2e.core.internal.Bundles - 	Entry: C:\Users\Administrator\.p2\pool\plugins\org.apache.commons.commons-codec_1.16.0.jar
2024-11-19 15:57:03,524 [Worker-23: Launching Executing install in C__Users_Administrator_git_real_time_data_process_20240708_1_springBootMVCShopping] INFO  o.eclipse.m2e.core.internal.Bundles - getClasspathEntries(Bundle=org.apache.commons.lang3_3.16.0 [1080])
2024-11-19 15:57:03,524 [Worker-23: Launching Executing install in C__Users_Administrator_git_real_time_data_process_20240708_1_springBootMVCShopping] INFO  o.eclipse.m2e.core.internal.Bundles - 	Entry: C:\Users\Administrator\.p2\pool\plugins\org.apache.commons.lang3_3.16.0.jar
2024-11-19 15:57:03,524 [Worker-23: Launching Executing install in C__Users_Administrator_git_real_time_data_process_20240708_1_springBootMVCShopping] INFO  o.eclipse.m2e.core.internal.Bundles - getClasspathEntries(Bundle=com.google.guava.failureaccess_1.0.2 [17])
2024-11-19 15:57:03,525 [Worker-23: Launching Executing install in C__Users_Administrator_git_real_time_data_process_20240708_1_springBootMVCShopping] INFO  o.eclipse.m2e.core.internal.Bundles - 	Entry: C:\Users\Administrator\.p2\pool\plugins\com.google.guava.failureaccess_1.0.2.jar
2024-11-19 15:57:03,526 [Worker-23: Launching Executing install in C__Users_Administrator_git_real_time_data_process_20240708_1_springBootMVCShopping] INFO  o.e.m.i.launch.MavenLaunchDelegate - Run build in "C:\Users\Administrator\git\real_time_data_process_20240708_1\springBootMVCShopping":
2024-11-19 15:57:03,527 [Worker-23: Launching Executing install in C__Users_Administrator_git_real_time_data_process_20240708_1_springBootMVCShopping] INFO  o.e.m.i.launch.MavenLaunchDelegate -  mvn  -B -Dstyle.color=always install
2024-11-19 16:09:49,474 [Worker-0: Loading available Gradle versions] INFO  o.e.b.c.i.u.g.PublishedGradleVersions - Gradle version information cache is up-to-date. Trying to read.
2024-11-19 16:09:57,037 [Worker-0: reload maven project] WARN  o.e.m.c.i.embedder.EclipseLogger - The artifact mysql:mysql-connector-java:jar:8.0.33 has been relocated to com.mysql:mysql-connector-j:jar:8.0.33: MySQL Connector/J artifacts moved to reverse-DNS compliant Maven 2+ coordinates.
2024-11-19 16:40:31,931 [Worker-3: Loading available Gradle versions] INFO  o.e.b.c.i.u.g.PublishedGradleVersions - Gradle version information cache is up-to-date. Trying to read.
2024-11-19 16:43:38,107 [Worker-17: Update Maven projects configuration] INFO  o.e.m.c.i.p.ProjectConfigurationManager - Update started
2024-11-19 16:43:43,156 [Worker-17: Update Maven projects configuration] INFO  o.e.m.c.i.l.LifecycleMappingFactory - Using org.maven.ide.eclipse.wtp.WarLifecycleMapping lifecycle mapping for MavenProject: board:boardExample:0.0.1-SNAPSHOT @ C:\Users\Administrator\git\real_time_data_process_20240708_1\real_time_data_process_20240708\web\spring\boardExample\pom.xml.
2024-11-19 16:43:45,513 [Worker-17: Update Maven projects configuration] INFO  o.e.m.j.i.AbstractJavaProjectConfigurator - Adding source folder /boardExample/src/main/java
2024-11-19 16:43:45,516 [Worker-17: Update Maven projects configuration] INFO  o.e.m.j.i.AbstractJavaProjectConfigurator - Adding resource folder /boardExample/src/main/resources
2024-11-19 16:43:45,524 [Worker-17: Update Maven projects configuration] INFO  o.e.m.j.i.AbstractJavaProjectConfigurator - Adding resource folder /boardExample/src/main/resources
2024-11-19 16:43:45,530 [Worker-17: Update Maven projects configuration] INFO  o.e.m.j.i.AbstractJavaProjectConfigurator - Adding source folder /boardExample/src/test/java
2024-11-19 16:43:45,531 [Worker-17: Update Maven projects configuration] INFO  o.e.m.j.i.AbstractJavaProjectConfigurator - Adding resource folder /boardExample/src/test/resources
2024-11-19 16:43:53,913 [Worker-13: Building] INFO  o.a.m.s.f.DefaultMavenResourcesFiltering - Copying 1 resource from src\main\resources to target\classes
2024-11-19 16:43:53,979 [Worker-17: Update Maven projects configuration] INFO  o.e.m.c.i.p.ProjectConfigurationManager - Update completed for 1 poms: local refresh takes 0.00 sec, refresh facades takes 7.00 sec, update config takes 8.00 sec 
2024-11-19 16:43:53,981 [Worker-17: Update Maven projects configuration] INFO  o.e.m.c.i.p.ProjectConfigurationManager - Update started
2024-11-19 16:43:54,109 [Worker-13: Building] INFO  o.a.m.s.f.DefaultMavenResourcesFiltering - Copying 5 resources from src\main\resources to target\classes
2024-11-19 16:43:54,141 [Worker-13: Building] INFO  o.a.m.s.f.DefaultMavenResourcesFiltering - skip non existing resourceDirectory C:\Users\Administrator\git\real_time_data_process_20240708_1\real_time_data_process_20240708\web\spring\boardExample\src\test\resources
2024-11-19 16:43:58,289 [Worker-17: Update Maven projects configuration] INFO  o.e.m.c.i.l.LifecycleMappingFactory - Using org.maven.ide.eclipse.wtp.WarLifecycleMapping lifecycle mapping for MavenProject: board:spring_board:0.0.1-SNAPSHOT @ C:\Users\Administrator\git\real_time_data_process_20240708_1\real_time_data_process_20240708\web\spring\spring_board\pom.xml.
2024-11-19 16:44:00,228 [Worker-17: Update Maven projects configuration] INFO  o.e.m.c.i.l.LifecycleMappingFactory - Using org.maven.ide.eclipse.wtp.WarLifecycleMapping lifecycle mapping for MavenProject: board:boardExample:0.0.1-SNAPSHOT @ C:\Users\Administrator\git\real_time_data_process_20240708_1\real_time_data_process_20240708\web\spring\boardExample\pom.xml.
2024-11-19 16:44:00,719 [Worker-17: Update Maven projects configuration] INFO  o.e.m.c.i.l.LifecycleMappingFactory - Using org.maven.ide.eclipse.wtp.WarLifecycleMapping lifecycle mapping for MavenProject: board:spring_boot_board:0.0.1-SNAPSHOT @ C:\Users\Administrator\git\real_time_data_process_20240708_1\real_time_data_process_20240708\web\spring\spring_boot_board\pom.xml.
2024-11-19 16:44:00,853 [Worker-17: Update Maven projects configuration] INFO  o.e.m.c.i.l.LifecycleMappingFactory - Using org.maven.ide.eclipse.wtp.WarLifecycleMapping lifecycle mapping for MavenProject: misoShopping:springBootMVCShopping:0.0.1-SNAPSHOT @ C:\Users\Administrator\git\real_time_data_process_20240708_1\real_time_data_process_20240708\springBootMVCShopping\pom.xml.
2024-11-19 16:44:00,967 [Worker-17: Update Maven projects configuration] WARN  o.e.m.c.i.embedder.EclipseLogger - The artifact mysql:mysql-connector-java:jar:8.0.33 has been relocated to com.mysql:mysql-connector-j:jar:8.0.33: MySQL Connector/J artifacts moved to reverse-DNS compliant Maven 2+ coordinates.
2024-11-19 16:44:01,096 [Worker-17: Update Maven projects configuration] WARN  org.eclipse.jgit.lib.Repository - close() called when useCnt is already zero for Repository[C:\Users\Administrator\git\real_time_data_process_20240708_1\real_time_data_process_20240708\.git]
2024-11-19 16:44:02,229 [Worker-17: Update Maven projects configuration] INFO  o.e.m.j.i.AbstractJavaProjectConfigurator - Adding source folder /spring_board/src/main/java
2024-11-19 16:44:02,230 [Worker-17: Update Maven projects configuration] INFO  o.e.m.j.i.AbstractJavaProjectConfigurator - Adding resource folder /spring_board/src/main/resources
2024-11-19 16:44:02,231 [Worker-17: Update Maven projects configuration] INFO  o.e.m.j.i.AbstractJavaProjectConfigurator - Adding source folder /spring_board/src/test/java
2024-11-19 16:44:02,231 [Worker-17: Update Maven projects configuration] INFO  o.e.m.j.i.AbstractJavaProjectConfigurator - Adding resource folder /spring_board/src/test/resources
2024-11-19 16:44:04,760 [Worker-24: Download sources and javadoc] INFO  o.e.m.c.i.e.AbstractTransferListenerAdapter - Downloaded http://maven.jahia.org/maven2/junit/junit/3.8.1/junit-3.8.1-sources.jar
2024-11-19 16:44:04,888 [Worker-24: Download sources and javadoc] INFO  o.e.m.c.i.e.AbstractTransferListenerAdapter - Downloading https://repo.maven.apache.org/maven2/junit/junit/3.8.1/junit-3.8.1-sources.jar
2024-11-19 16:44:04,953 [Worker-24: Download sources and javadoc] INFO  o.e.m.c.i.e.AbstractTransferListenerAdapter - Downloaded https://repo.maven.apache.org/maven2/junit/junit/3.8.1/junit-3.8.1-sources.jar
2024-11-19 16:44:04,957 [Worker-24: Download sources and javadoc] INFO  o.e.m.j.internal.DownloadSourcesJob - Downloaded sources for junit:junit:3.8.1
2024-11-19 16:44:06,038 [Worker-17: Update Maven projects configuration] INFO  o.e.m.j.i.AbstractJavaProjectConfigurator - Adding source folder /boardExample/src/main/java
2024-11-19 16:44:06,038 [Worker-17: Update Maven projects configuration] INFO  o.e.m.j.i.AbstractJavaProjectConfigurator - Adding resource folder /boardExample/src/main/resources
2024-11-19 16:44:06,039 [Worker-17: Update Maven projects configuration] INFO  o.e.m.j.i.AbstractJavaProjectConfigurator - Adding resource folder /boardExample/src/main/resources
2024-11-19 16:44:06,039 [Worker-17: Update Maven projects configuration] INFO  o.e.m.j.i.AbstractJavaProjectConfigurator - Adding source folder /boardExample/src/test/java
2024-11-19 16:44:06,040 [Worker-17: Update Maven projects configuration] INFO  o.e.m.j.i.AbstractJavaProjectConfigurator - Adding resource folder /boardExample/src/test/resources
2024-11-19 16:44:06,468 [Worker-24: Download sources and javadoc] INFO  o.e.m.c.i.e.AbstractTransferListenerAdapter - Downloaded http://maven.jahia.org/maven2/com/oracle/ojdbc6/12.1.0.2/ojdbc6-12.1.0.2-javadoc.jar
2024-11-19 16:44:06,699 [Worker-24: Download sources and javadoc] INFO  o.e.m.c.i.e.AbstractTransferListenerAdapter - Downloaded https://repo.maven.apache.org/maven2/com/oracle/ojdbc6/12.1.0.2/ojdbc6-12.1.0.2-javadoc.jar
2024-11-19 16:44:06,736 [Worker-24: Download sources and javadoc] ERROR o.e.m.j.internal.DownloadSourcesJob - Could not download javadoc for com.oracle:ojdbc6:12.1.0.2
org.eclipse.core.runtime.CoreException: Could not resolve artifact com.oracle:ojdbc6:jar:javadoc:12.1.0.2
	at org.eclipse.m2e.core.internal.embedder.MavenImpl.lambda$7(MavenImpl.java:540)
	at org.eclipse.m2e.core.internal.embedder.MavenExecutionContext.executeBare(MavenExecutionContext.java:458)
	at org.eclipse.m2e.core.internal.embedder.MavenExecutionContext.execute(MavenExecutionContext.java:292)
	at org.eclipse.m2e.core.internal.embedder.MavenExecutionContext.execute(MavenExecutionContext.java:278)
	at org.eclipse.m2e.core.internal.embedder.MavenImpl.resolve(MavenImpl.java:509)
	at org.eclipse.m2e.core.internal.embedder.MavenImpl.resolve(MavenImpl.java:494)
	at org.eclipse.m2e.jdt.internal.DownloadSourcesJob.download(DownloadSourcesJob.java:308)
	at org.eclipse.m2e.jdt.internal.DownloadSourcesJob.downloadAttachments(DownloadSourcesJob.java:294)
	at org.eclipse.m2e.jdt.internal.DownloadSourcesJob.downloadMaven(DownloadSourcesJob.java:252)
	at org.eclipse.m2e.jdt.internal.DownloadSourcesJob.downloadFilesAndPopulateToUpdate(DownloadSourcesJob.java:220)
	at org.eclipse.m2e.jdt.internal.DownloadSourcesJob.lambda$0(DownloadSourcesJob.java:149)
	at org.eclipse.m2e.core.internal.embedder.MavenExecutionContext.executeBare(MavenExecutionContext.java:458)
	at org.eclipse.m2e.core.internal.embedder.MavenExecutionContext.execute(MavenExecutionContext.java:339)
	at org.eclipse.m2e.core.internal.embedder.MavenExecutionContext.execute(MavenExecutionContext.java:278)
	at org.eclipse.m2e.core.embedder.IMaven.execute(IMaven.java:300)
	at org.eclipse.m2e.jdt.internal.DownloadSourcesJob.run(DownloadSourcesJob.java:149)
	at org.eclipse.core.internal.jobs.Worker.run(Worker.java:63)
2024-11-19 16:44:09,300 [Worker-17: Update Maven projects configuration] INFO  o.e.m.j.i.AbstractJavaProjectConfigurator - Adding source folder /spring_boot_board/src/main/java
2024-11-19 16:44:09,301 [Worker-17: Update Maven projects configuration] INFO  o.e.m.j.i.AbstractJavaProjectConfigurator - Adding resource folder /spring_boot_board/src/main/resources
2024-11-19 16:44:09,308 [Worker-17: Update Maven projects configuration] INFO  o.e.m.j.i.AbstractJavaProjectConfigurator - Adding resource folder /spring_boot_board/src/main/resources
2024-11-19 16:44:09,310 [Worker-17: Update Maven projects configuration] INFO  o.e.m.j.i.AbstractJavaProjectConfigurator - Adding source folder /spring_boot_board/src/test/java
2024-11-19 16:44:09,311 [Worker-17: Update Maven projects configuration] INFO  o.e.m.j.i.AbstractJavaProjectConfigurator - Adding resource folder /spring_boot_board/src/test/resources
2024-11-19 16:44:13,469 [Worker-17: Update Maven projects configuration] INFO  o.e.m.j.i.AbstractJavaProjectConfigurator - Adding source folder /springBootMVCShopping/src/main/java
2024-11-19 16:44:13,469 [Worker-17: Update Maven projects configuration] INFO  o.e.m.j.i.AbstractJavaProjectConfigurator - Adding resource folder /springBootMVCShopping/src/main/resources
2024-11-19 16:44:13,474 [Worker-17: Update Maven projects configuration] INFO  o.e.m.j.i.AbstractJavaProjectConfigurator - Adding resource folder /springBootMVCShopping/src/main/resources
2024-11-19 16:44:13,484 [Worker-17: Update Maven projects configuration] INFO  o.e.m.j.i.AbstractJavaProjectConfigurator - Adding source folder /springBootMVCShopping/src/test/java
2024-11-19 16:44:13,484 [Worker-17: Update Maven projects configuration] INFO  o.e.m.j.i.AbstractJavaProjectConfigurator - Adding resource folder /springBootMVCShopping/src/test/resources
2024-11-19 16:44:19,346 [Worker-17: Update Maven projects configuration] WARN  o.e.m.c.i.embedder.EclipseLogger - The artifact mysql:mysql-connector-java:jar:8.0.33 has been relocated to com.mysql:mysql-connector-j:jar:8.0.33: MySQL Connector/J artifacts moved to reverse-DNS compliant Maven 2+ coordinates.
2024-11-19 16:44:19,585 [Worker-17: Update Maven projects configuration] INFO  o.e.m.c.i.p.ProjectConfigurationManager - Update completed for 4 poms: local refresh takes 0.00 sec, refresh facades takes 8.00 sec, update config takes 17.00 sec 
2024-11-19 16:44:20,043 [Worker-25: Building] INFO  o.a.m.s.f.DefaultMavenResourcesFiltering - Copying 0 resource from src\main\resources to target\classes
2024-11-19 16:44:20,048 [Worker-25: Building] INFO  o.a.m.s.f.DefaultMavenResourcesFiltering - Copying 0 resource from src\main\resources to target\classes
2024-11-19 16:44:20,053 [Worker-25: Building] INFO  o.a.m.s.f.DefaultMavenResourcesFiltering - skip non existing resourceDirectory C:\Users\Administrator\git\real_time_data_process_20240708_1\real_time_data_process_20240708\web\spring\boardExample\src\test\resources
2024-11-19 16:44:20,397 [Worker-25: Building] INFO  o.a.m.s.f.DefaultMavenResourcesFiltering - Copying 1 resource from src\main\resources to target\classes
2024-11-19 16:44:20,574 [Worker-25: Building] INFO  o.a.m.s.f.DefaultMavenResourcesFiltering - Copying 65 resources from src\main\resources to target\classes
2024-11-19 16:44:20,787 [Worker-25: Building] INFO  o.a.m.s.f.DefaultMavenResourcesFiltering - skip non existing resourceDirectory C:\Users\Administrator\git\real_time_data_process_20240708_1\real_time_data_process_20240708\springBootMVCShopping\src\test\resources
2024-11-19 16:44:22,175 [Worker-25: Building] WARN  o.a.m.s.f.DefaultMavenResourcesFiltering - Using platform encoding (UTF-8 actually) to copy filtered resources, i.e. build is platform dependent!
2024-11-19 16:44:22,177 [Worker-25: Building] INFO  o.a.m.s.f.DefaultMavenResourcesFiltering - Copying 2 resources from src\main\resources to target\classes
2024-11-19 16:44:22,187 [Worker-25: Building] WARN  o.a.m.s.f.DefaultMavenResourcesFiltering - Using platform encoding (UTF-8 actually) to copy filtered resources, i.e. build is platform dependent!
2024-11-19 16:44:22,207 [Worker-25: Building] INFO  o.a.m.s.f.DefaultMavenResourcesFiltering - skip non existing resourceDirectory C:\Users\Administrator\git\real_time_data_process_20240708_1\real_time_data_process_20240708\web\spring\spring_board\src\test\resources
2024-11-19 16:44:23,269 [Worker-25: Building] INFO  o.a.m.s.f.DefaultMavenResourcesFiltering - Copying 1 resource from src\main\resources to target\classes
2024-11-19 16:44:23,305 [Worker-25: Building] INFO  o.a.m.s.f.DefaultMavenResourcesFiltering - Copying 0 resource from src\main\resources to target\classes
2024-11-19 16:44:23,307 [Worker-25: Building] INFO  o.a.m.s.f.DefaultMavenResourcesFiltering - skip non existing resourceDirectory C:\Users\Administrator\git\real_time_data_process_20240708_1\real_time_data_process_20240708\web\spring\spring_boot_board\src\test\resources
2024-11-19 16:56:45,006 [Worker-30: Git Repository Change Scanner] WARN  org.eclipse.jgit.lib.Repository - close() called when useCnt is already zero for Repository[C:\Users\Administrator\git\Test1_Repository\Test1_Repository\.git]
2024-11-19 16:57:54,774 [Worker-1: Loading available Gradle versions] INFO  o.e.b.c.i.u.g.PublishedGradleVersions - Gradle version information cache is up-to-date. Trying to read.
